C:\USERS\BRAINRAIN\DROPBOX\RESEARCH\NUI\03_EXPERIMENT\3DPARALLEL_V2\DEBUG\3DPARALLEL.EXE
C:\USERS\BRAINRAIN\DROPBOX\RESEARCH\NUI\03_EXPERIMENT\3DPARALLEL_V2\DEBUG\3DPARALLEL.ILK
C:\USERS\BRAINRAIN\DROPBOX\RESEARCH\NUI\03_EXPERIMENT\3DPARALLEL_V2\DEBUG\3DPARALLEL.PDB
C:\USERS\BRAINRAIN\DROPBOX\RESEARCH\NUI\03_EXPERIMENT\3DPARALLEL_V2\FIRST_APP\DEBUG\3DPARALLEL.EXE.EMBED.MANIFEST
C:\USERS\BRAINRAIN\DROPBOX\RESEARCH\NUI\03_EXPERIMENT\3DPARALLEL_V2\FIRST_APP\DEBUG\3DPARALLEL.EXE.EMBED.MANIFEST.RES
C:\USERS\BRAINRAIN\DROPBOX\RESEARCH\NUI\03_EXPERIMENT\3DPARALLEL_V2\FIRST_APP\DEBUG\3DPARALLEL.EXE.INTERMEDIATE.MANIFEST
C:\USERS\BRAINRAIN\DROPBOX\RESEARCH\NUI\03_EXPERIMENT\3DPARALLEL_V2\FIRST_APP\DEBUG\ABOUTDIALOG.OBJ
C:\USERS\BRAINRAIN\DROPBOX\RESEARCH\NUI\03_EXPERIMENT\3DPARALLEL_V2\FIRST_APP\DEBUG\CONTROLLER.OBJ
C:\USERS\BRAINRAIN\DROPBOX\RESEARCH\NUI\03_EXPERIMENT\3DPARALLEL_V2\FIRST_APP\DEBUG\CONTROLLERGL.OBJ
C:\USERS\BRAINRAIN\DROPBOX\RESEARCH\NUI\03_EXPERIMENT\3DPARALLEL_V2\FIRST_APP\DEBUG\CSKELETONBASICS.OBJ
C:\USERS\BRAINRAIN\DROPBOX\RESEARCH\NUI\03_EXPERIMENT\3DPARALLEL_V2\FIRST_APP\DEBUG\DB.OBJ
C:\USERS\BRAINRAIN\DROPBOX\RESEARCH\NUI\03_EXPERIMENT\3DPARALLEL_V2\FIRST_APP\DEBUG\GLWINDOW.OBJ
C:\USERS\BRAINRAIN\DROPBOX\RESEARCH\NUI\03_EXPERIMENT\3DPARALLEL_V2\FIRST_APP\DEBUG\MAIN.OBJ
C:\USERS\BRAINRAIN\DROPBOX\RESEARCH\NUI\03_EXPERIMENT\3DPARALLEL_V2\FIRST_APP\DEBUG\MODELGL.OBJ
C:\USERS\BRAINRAIN\DROPBOX\RESEARCH\NUI\03_EXPERIMENT\3DPARALLEL_V2\FIRST_APP\DEBUG\PARSER.OBJ
C:\USERS\BRAINRAIN\DROPBOX\RESEARCH\NUI\03_EXPERIMENT\3DPARALLEL_V2\FIRST_APP\DEBUG\RESOURCE.RES
C:\USERS\BRAINRAIN\DROPBOX\RESEARCH\NUI\03_EXPERIMENT\3DPARALLEL_V2\FIRST_APP\DEBUG\TGALOAD.OBJ
C:\USERS\BRAINRAIN\DROPBOX\RESEARCH\NUI\03_EXPERIMENT\3DPARALLEL_V2\FIRST_APP\DEBUG\VC100.PDB
C:\USERS\BRAINRAIN\DROPBOX\RESEARCH\NUI\03_EXPERIMENT\3DPARALLEL_V2\FIRST_APP\DEBUG\VIEWGL.OBJ
C:\USERS\VIZSEC\DROPBOX\RESEARCH\NUI\03_EXPERIMENT\3DPARALLEL_V2\DEBUG\3DPARALLEL.EXE
C:\USERS\VIZSEC\DROPBOX\RESEARCH\NUI\03_EXPERIMENT\3DPARALLEL_V2\DEBUG\3DPARALLEL.ILK
C:\USERS\VIZSEC\DROPBOX\RESEARCH\NUI\03_EXPERIMENT\3DPARALLEL_V2\DEBUG\3DPARALLEL.PDB
C:\Users\VizSec\Dropbox\Research\NUI\03_Experiment\3DParallel_v2\first_app\Debug\3DParallel.exe.embed.manifest
C:\USERS\VIZSEC\DROPBOX\RESEARCH\NUI\03_EXPERIMENT\3DPARALLEL_V2\FIRST_APP\DEBUG\3DPARALLEL.EXE.EMBED.MANIFEST.RES
C:\USERS\VIZSEC\DROPBOX\RESEARCH\NUI\03_EXPERIMENT\3DPARALLEL_V2\FIRST_APP\DEBUG\3DPARALLEL.EXE.INTERMEDIATE.MANIFEST
C:\Users\VizSec\Dropbox\Research\NUI\03_Experiment\3DParallel_v2\first_app\Debug\3DParallel_manifest.rc
C:\USERS\VIZSEC\DROPBOX\RESEARCH\NUI\03_EXPERIMENT\3DPARALLEL_V2\FIRST_APP\DEBUG\ABOUTDIALOG.OBJ
C:\Users\VizSec\Dropbox\Research\NUI\03_Experiment\3DParallel_v2\first_app\Debug\cl.command.1.tlog
C:\Users\VizSec\Dropbox\Research\NUI\03_Experiment\3DParallel_v2\first_app\Debug\CL.read.1.tlog
C:\Users\VizSec\Dropbox\Research\NUI\03_Experiment\3DParallel_v2\first_app\Debug\CL.write.1.tlog
C:\USERS\VIZSEC\DROPBOX\RESEARCH\NUI\03_EXPERIMENT\3DPARALLEL_V2\FIRST_APP\DEBUG\CONTROLLER.OBJ
C:\USERS\VIZSEC\DROPBOX\RESEARCH\NUI\03_EXPERIMENT\3DPARALLEL_V2\FIRST_APP\DEBUG\CONTROLLERGL.OBJ
C:\USERS\VIZSEC\DROPBOX\RESEARCH\NUI\03_EXPERIMENT\3DPARALLEL_V2\FIRST_APP\DEBUG\CSKELETONBASICS.OBJ
C:\USERS\VIZSEC\DROPBOX\RESEARCH\NUI\03_EXPERIMENT\3DPARALLEL_V2\FIRST_APP\DEBUG\DB.OBJ
C:\USERS\VIZSEC\DROPBOX\RESEARCH\NUI\03_EXPERIMENT\3DPARALLEL_V2\FIRST_APP\DEBUG\GLWINDOW.OBJ
C:\Users\VizSec\Dropbox\Research\NUI\03_Experiment\3DParallel_v2\first_app\Debug\link.command.1.tlog
C:\Users\VizSec\Dropbox\Research\NUI\03_Experiment\3DParallel_v2\first_app\Debug\link.read.1.tlog
C:\Users\VizSec\Dropbox\Research\NUI\03_Experiment\3DParallel_v2\first_app\Debug\link.write.1.tlog
C:\Users\VizSec\Dropbox\Research\NUI\03_Experiment\3DParallel_v2\first_app\Debug\link-cvtres.read.1.tlog
C:\Users\VizSec\Dropbox\Research\NUI\03_Experiment\3DParallel_v2\first_app\Debug\link-cvtres.write.1.tlog
C:\USERS\VIZSEC\DROPBOX\RESEARCH\NUI\03_EXPERIMENT\3DPARALLEL_V2\FIRST_APP\DEBUG\MAIN.OBJ
C:\USERS\VIZSEC\DROPBOX\RESEARCH\NUI\03_EXPERIMENT\3DPARALLEL_V2\FIRST_APP\DEBUG\MODELGL.OBJ
C:\Users\VizSec\Dropbox\Research\NUI\03_Experiment\3DParallel_v2\first_app\Debug\mt.command.1.tlog
C:\Users\VizSec\Dropbox\Research\NUI\03_Experiment\3DParallel_v2\first_app\Debug\mt.read.1.tlog
C:\Users\VizSec\Dropbox\Research\NUI\03_Experiment\3DParallel_v2\first_app\Debug\mt.write.1.tlog
C:\USERS\VIZSEC\DROPBOX\RESEARCH\NUI\03_EXPERIMENT\3DPARALLEL_V2\FIRST_APP\DEBUG\PARSER.OBJ
C:\Users\VizSec\Dropbox\Research\NUI\03_Experiment\3DParallel_v2\first_app\Debug\rc.command.1.tlog
C:\Users\VizSec\Dropbox\Research\NUI\03_Experiment\3DParallel_v2\first_app\Debug\rc.read.1.tlog
C:\Users\VizSec\Dropbox\Research\NUI\03_Experiment\3DParallel_v2\first_app\Debug\rc.write.1.tlog
C:\USERS\VIZSEC\DROPBOX\RESEARCH\NUI\03_EXPERIMENT\3DPARALLEL_V2\FIRST_APP\DEBUG\RESOURCE.RES
C:\USERS\VIZSEC\DROPBOX\RESEARCH\NUI\03_EXPERIMENT\3DPARALLEL_V2\FIRST_APP\DEBUG\TGALOAD.OBJ
C:\Users\VizSec\Dropbox\Research\NUI\03_Experiment\3DParallel_v2\first_app\Debug\vc100.idb
C:\USERS\VIZSEC\DROPBOX\RESEARCH\NUI\03_EXPERIMENT\3DPARALLEL_V2\FIRST_APP\DEBUG\VC100.PDB
C:\USERS\VIZSEC\DROPBOX\RESEARCH\NUI\03_EXPERIMENT\3DPARALLEL_V2\FIRST_APP\DEBUG\VIEWGL.OBJ
